<?xml version="1.0" encoding="UTF-8"?>
<testsuite name="org.example.app.controller.AuthControllerTest" tests="2" skipped="0" failures="0" errors="0" timestamp="2026-03-01T23:53:16" hostname="MacBook-Pro-Viktor.local" time="0.008">
  <properties/>
  <testcase name="register calls register and login then returns token()" classname="org.example.app.controller.AuthControllerTest" time="0.006"/>
  <testcase name="login returns token from service()" classname="org.example.app.controller.AuthControllerTest" time="0.001"/>
  <system-out><![CDATA[]]></system-out>
  <system-err><![CDATA[]]></system-err>
</testsuite>
