<?xml version="1.0" encoding="UTF-8"?>
<testsuite name="org.example.data.service.impl.OrderServiceImplTest" tests="2" skipped="0" failures="0" errors="0" timestamp="2026-03-01T23:53:14" hostname="MacBook-Pro-Viktor.local" time="0.031">
  <properties/>
  <testcase name="createOrder updates stock, writes audit and publishes event()" classname="org.example.data.service.impl.OrderServiceImplTest" time="0.023"/>
  <testcase name="createOrder throws on insufficient stock and skips side effects()" classname="org.example.data.service.impl.OrderServiceImplTest" time="0.007"/>
  <system-out><![CDATA[]]></system-out>
  <system-err><![CDATA[]]></system-err>
</testsuite>
